<?xml version="1.0" encoding="UTF-8"?>
<!-- Generated by org.testng.reporters.JUnitReportReporter -->
<testsuite hostname="LAPTOP-4L5M6NIS" failures="0" tests="1" name="Test.TestNGEj" time="0.009" errors="0" timestamp="2021-06-15T14:30:35 CDT" skipped="0">
  <testcase classname="Test.TestNGEj" name="f" time="0.009"/>
  <system-out/>
</testsuite> <!-- Test.TestNGEj -->
